<?xml version="1.0" encoding="UTF-8"?>
<!-- Generated by org.testng.reporters.JUnitReportReporter -->
<testsuite skipped="0" hostname="HP-ENVY" name="org.plcore.test.impl.ProgramOne" tests="1" failures="0" timestamp="10 Mar 2018 06:29:14 GMT" time="0.016" errors="0">
  <testcase name="test1" time="0.016" classname="org.plcore.test.impl.ProgramOne"/>
</testsuite> <!-- org.plcore.test.impl.ProgramOne -->
